[0;34m[INFO][0m Vérification des scripts MongoDB...
[0;34m[INFO][0m Création de l'archive des scripts MongoDB...
[0;32m[SUCCESS][0m Archive des scripts MongoDB créée avec succès
[0;34m[INFO][0m Vérification du répertoire des scripts sur le serveur distant...
[0;32m[SUCCESS][0m Répertoire des scripts créé avec succès sur le serveur distant
[0;34m[INFO][0m Transfert des scripts MongoDB vers le serveur distant...
[0;32m[SUCCESS][0m Scripts MongoDB transférés avec succès
[0;34m[INFO][0m Extraction des scripts MongoDB sur le serveur distant...
tar: Le mot clé inconnu « LIBARCHIVE.xattr.com.apple.provenance » pour l'en-tête étendu a été ignoré
tar: Le mot clé inconnu « LIBARCHIVE.xattr.com.apple.provenance » pour l'en-tête étendu a été ignoré
tar: Le mot clé inconnu « LIBARCHIVE.xattr.com.apple.provenance » pour l'en-tête étendu a été ignoré
tar: Le mot clé inconnu « LIBARCHIVE.xattr.com.apple.provenance » pour l'en-tête étendu a été ignoré
tar: Le mot clé inconnu « LIBARCHIVE.xattr.com.apple.provenance » pour l'en-tête étendu a été ignoré
tar: Le mot clé inconnu « LIBARCHIVE.xattr.com.apple.provenance » pour l'en-tête étendu a été ignoré
tar: Le mot clé inconnu « LIBARCHIVE.xattr.com.apple.provenance » pour l'en-tête étendu a été ignoré
tar: Le mot clé inconnu « LIBARCHIVE.xattr.com.apple.provenance » pour l'en-tête étendu a été ignoré
[0;32m[SUCCESS][0m Scripts MongoDB extraits avec succès sur le serveur distant
[0;34m[INFO][0m Création du fichier package.json pour les dépendances...
[0;34m[INFO][0m Transfert du fichier package.json vers le serveur distant...
[0;32m[SUCCESS][0m Fichier package.json transféré avec succès
[0;34m[INFO][0m Installation des dépendances Node.js sur le serveur distant...

up to date, audited 31 packages in 614ms

4 packages are looking for funding
  run `npm fund` for details

found 0 vulnerabilities
[0;32m[SUCCESS][0m Dépendances Node.js installées avec succès
[0;32m[SUCCESS][0m Scripts MongoDB vérifiés et transférés avec succès
[0;34m=== Script de gestion des applications de la Marketplace Web ===[0m
1. Initialiser MongoDB
2. Ajouter une application de manière interactive
3. Générer automatiquement une application
4. Utiliser un template prédéfini
5. Lister les applications
6. Supprimer une application
7. Activer/désactiver une application
8. Mettre en avant une application
9. Quitter
Votre choix: 